<?xml version="1.0" encoding="UTF-8"?>
<!-- Generated by org.testng.reporters.JUnitReportReporter -->
<testsuite hostname="LAPTOP-P7MGDSJK" failures="0" tests="1" name="testCases.TC_001_AccountRegistration" time="13.240" errors="0" timestamp="2022-07-08T11:05:51 EDT" skipped="0">
  <testcase classname="testCases.TC_001_AccountRegistration" name="test_accout_Registration" time="13.240"/>
  <system-out/>
</testsuite> <!-- testCases.TC_001_AccountRegistration -->
