<?xml version="1.0" encoding="UTF-8"?>
<!-- Generated by org.testng.reporters.JUnitReportReporter -->
<testsuite hostname="LAPTOP-P7MGDSJK" failures="0" tests="4" name="testCases.TC_003_LoginDDT" time="47.426" errors="0" timestamp="2022-07-08T11:05:51 EDT" skipped="0">
  <testcase classname="testCases.TC_003_LoginDDT" name="test_LoginDDT" time="14.067"/>
  <system-out/>
  <testcase classname="testCases.TC_003_LoginDDT" name="test_LoginDDT" time="6.504"/>
  <system-out/>
  <testcase classname="testCases.TC_003_LoginDDT" name="test_LoginDDT" time="13.824"/>
  <system-out/>
  <testcase classname="testCases.TC_003_LoginDDT" name="test_LoginDDT" time="13.031"/>
  <system-out/>
</testsuite> <!-- testCases.TC_003_LoginDDT -->
