<?xml version="1.0" encoding="UTF-8"?>
<!-- Generated by org.testng.reporters.JUnitReportReporter -->
<testsuite hostname="LAPTOP-P7MGDSJK" failures="0" tests="1" name="testCases.TC_001_AccountRegistration" time="5.995" errors="0" timestamp="2022-07-10T15:08:12 EDT" skipped="0">
  <testcase classname="testCases.TC_001_AccountRegistration" name="test_accout_Registration" time="5.995"/>
  <system-out/>
</testsuite> <!-- testCases.TC_001_AccountRegistration -->
