<?xml version="1.0" encoding="UTF-8"?>
<!-- Generated by org.testng.reporters.JUnitReportReporter -->
<testsuite hostname="LAPTOP-P7MGDSJK" failures="0" tests="4" name="testCases.TC_003_LoginDDT" time="52.691" errors="0" timestamp="2022-07-08T11:08:58 EDT" skipped="0">
  <testcase classname="testCases.TC_003_LoginDDT" name="test_LoginDDT" time="5.806"/>
  <system-out/>
  <testcase classname="testCases.TC_003_LoginDDT" name="test_LoginDDT" time="13.306"/>
  <system-out/>
  <testcase classname="testCases.TC_003_LoginDDT" name="test_LoginDDT" time="20.445"/>
  <system-out/>
  <testcase classname="testCases.TC_003_LoginDDT" name="test_LoginDDT" time="13.134"/>
  <system-out/>
</testsuite> <!-- testCases.TC_003_LoginDDT -->
