<?xml version="1.0" encoding="UTF-8"?>
<!-- Generated by org.testng.reporters.JUnitReportReporter -->
<testsuite hostname="LAPTOP-P7MGDSJK" failures="0" tests="1" name="testCases.TC_002_Login" time="5.522" errors="0" timestamp="2022-07-08T11:08:58 EDT" skipped="0">
  <testcase classname="testCases.TC_002_Login" name="test_Login" time="5.522"/>
  <system-out/>
</testsuite> <!-- testCases.TC_002_Login -->
